-- Building without demo. To enable demo build use: -DWITH_DEMO=True
-- The C compiler identification is GNU 4.8.4
-- The CXX compiler identification is GNU 5.4.1
-- Check for working C compiler: /usr/bin/cc
-- Check for working C compiler: /usr/bin/cc -- works
-- Detecting C compiler ABI info
-- Detecting C compiler ABI info - done
-- Detecting C compile features
-- Detecting C compile features - done
-- Check for working CXX compiler: /usr/bin/c++
-- Check for working CXX compiler: /usr/bin/c++ -- works
-- Detecting CXX compiler ABI info
-- Detecting CXX compiler ABI info - done
-- Detecting CXX compile features
-- Detecting CXX compile features - done
-- Found PkgConfig: /usr/bin/pkg-config (found version "0.26") 
-- Checking for module 'uuid'
--   Found uuid, version 2.20.0
-- Output libraries to /home/ubuntu/workspace/Project 3/Parser/c++_build/locals/antlr4cpp/src/antlr4cpp/runtime/Cpp/dist
-- Configuring done
-- Generating done
-- Build files have been written to: /home/ubuntu/workspace/Project 3/Parser/c++_build/locals/antlr4cpp/src/antlr4cpp-build
